<?xml version="1.0" encoding="UTF-8"?>
<!-- Generated by org.testng.reporters.JUnitReportReporter -->
<testsuite hostname="404-103" name="webportfolio.TestMainMenu" tests="1" failures="0" timestamp="17 Feb 2016 12:14:13 GMT" time="71.198" errors="0">
  <testcase name="checkMenu" time="71.198" classname="webportfolio.TestMainMenu"/>
</testsuite> <!-- webportfolio.TestMainMenu -->
