<?xml version="1.0" encoding="UTF-8"?>
<!-- Generated by org.testng.reporters.JUnitReportReporter -->
<testsuite hostname="404-103" name="webportfolio.TestSearchByDistrict" tests="1" failures="0" timestamp="19 Feb 2016 14:50:46 GMT" time="198.889" errors="0">
  <testcase name="checkSearchDistrict" time="198.889" classname="webportfolio.TestSearchByDistrict"/>
</testsuite> <!-- webportfolio.TestSearchByDistrict -->
