<?xml version="1.0" encoding="UTF-8"?>
<!-- Generated by org.testng.reporters.JUnitReportReporter -->
<testsuite hostname="404-103" name="webportfolio.ExampleTest" tests="1" failures="0" timestamp="17 Feb 2016 10:38:56 GMT" time="8.666" errors="0">
  <testcase name="testUntitled" time="8.666" classname="webportfolio.ExampleTest"/>
</testsuite> <!-- webportfolio.ExampleTest -->
