<?xml version="1.0" encoding="UTF-8"?>
<!-- Generated by org.testng.reporters.JUnitReportReporter -->
<testsuite hostname="404-103" name="webportfolio.TestMainMenu" tests="1" failures="0" timestamp="20 Feb 2016 16:41:55 GMT" time="107.101" errors="0">
  <testcase name="checkMenu" time="107.101" classname="webportfolio.TestMainMenu"/>
</testsuite> <!-- webportfolio.TestMainMenu -->
