<?xml version="1.0" encoding="UTF-8"?>
<!-- Generated by org.testng.reporters.JUnitReportReporter -->
<testsuite hostname="404-103" name="webportfolio.TestMainMenu" tests="1" failures="0" timestamp="17 Feb 2016 13:11:02 GMT" time="115.171" errors="0">
  <testcase name="checkMenu" time="115.171" classname="webportfolio.TestMainMenu"/>
</testsuite> <!-- webportfolio.TestMainMenu -->
